2023-02-13 15:19:03,429 - __main__ - INFO - Starting connectivity checker in an infinite loop. Use Ctrl+C to stop.

2023-02-13 15:19:03,429 - __main__ - DEBUG - Starting probe 1
2023-02-13 15:19:06,475 - connectivitychecker.webchecker - INFO - Request Duration for connectivity with website http://invalid.org is 3.045167 
2023-02-13 15:19:09,484 - connectivitychecker.webchecker - INFO - Request Duration for connectivity with website http://invalid.org is 3.008494 
2023-02-13 15:19:09,485 - connectivitychecker.argumentparser - INFO - The status of webpage http://invalid.org is : "Unavailable?"  with Error timed out :
2023-02-13 15:19:16,097 - __main__ - INFO - Caught KeyboardInterrupt. Exiting.
2023-02-13 15:23:59,400 - __main__ - INFO - Starting connectivity checker in an infinite loop. Use Ctrl+C to stop.

2023-02-13 15:23:59,400 - __main__ - DEBUG - Starting probe 1
2023-02-13 15:24:02,535 - connectivitychecker.webchecker - INFO - Request Duration for connectivity with website http://invalid.org is 3.134836 
2023-02-13 15:24:05,544 - connectivitychecker.webchecker - INFO - Request Duration for connectivity with website http://invalid.org is 3.007607 
2023-02-13 15:24:05,544 - connectivitychecker.argumentparser - INFO - The status of webpage http://invalid.org is : "Unavailable?"  with Error timed out :
2023-02-13 15:24:07,532 - __main__ - INFO - Caught KeyboardInterrupt. Exiting.
2023-02-13 15:25:16,887 - __main__ - INFO - Starting connectivity checker in an infinite loop. Use Ctrl+C to stop.

2023-02-13 15:25:16,887 - __main__ - DEBUG - Starting probe 1
2023-02-13 15:25:20,041 - connectivitychecker.webchecker - INFO - Request Duration for connectivity with website http://invalid.org is 3.154210 
2023-02-13 15:25:23,052 - connectivitychecker.webchecker - INFO - Request Duration for connectivity with website http://invalid.org is 3.008846 
2023-02-13 15:25:23,053 - connectivitychecker.argumentparser - INFO - The status of webpage http://invalid.org is : "Unavailable?"  with Error timed out :
2023-02-13 15:25:24,648 - __main__ - INFO - Keyboard Interrupt
2023-02-13 15:27:19,255 - __main__ - INFO - Starting connectivity checker in an infinite loop. Use Ctrl+C to stop.

2023-02-13 15:27:19,256 - __main__ - DEBUG - Starting probe 1
2023-02-13 15:27:19,510 - connectivitychecker.webchecker - INFO - Request Duration for connectivity with website http://www.google.fi  
2023-02-13 15:27:19,511 - connectivitychecker.webchecker - DEBUG - Get result with 'status': '200'; 'Content-Type': 'text/html; charset=ISO-8859-1'; Detected charset: 'ISO-8859-1' 
2023-02-13 15:27:19,512 - connectivitychecker.webchecker - INFO - Request Duration for connectivity with website http://www.google.fi is 0.256108 
2023-02-13 15:27:19,513 - connectivitychecker.argumentparser - INFO - The status of webpage http://www.google.fi is : "Available!"
2023-02-13 15:27:23,432 - connectivitychecker.webchecker - INFO - Request Duration for connectivity with website http://invalid.org is 3.916408 
2023-02-13 15:27:26,438 - connectivitychecker.webchecker - INFO - Request Duration for connectivity with website http://invalid.org is 3.005329 
2023-02-13 15:27:26,439 - connectivitychecker.argumentparser - INFO - The status of webpage http://invalid.org is : "Unavailable?"  with Error timed out :
2023-02-13 15:27:27,908 - __main__ - INFO - Keyboard Interrupt
2023-02-13 15:28:48,537 - __main__ - INFO - Starting connectivity checker in an infinite loop. Use Ctrl+C to stop.

2023-02-13 15:28:48,537 - __main__ - DEBUG - Starting probe 1
2023-02-13 15:28:48,803 - connectivitychecker.webchecker - DEBUG - Get result with 'status': '200'; 'Content-Type': 'text/html; charset=ISO-8859-1'; Detected charset: 'ISO-8859-1' 
2023-02-13 15:28:48,803 - connectivitychecker.webchecker - INFO - Request Duration for connectivity with website http://www.google.fi is 0.266168 
2023-02-13 15:28:48,804 - connectivitychecker.argumentparser - INFO - The status of webpage http://www.google.fi is : "Available!"
2023-02-13 15:28:51,910 - connectivitychecker.webchecker - INFO - Request Duration for connectivity with website http://invalid.org is 3.103827 
2023-02-13 15:28:54,920 - connectivitychecker.webchecker - INFO - Request Duration for connectivity with website http://invalid.org is 3.008631 
2023-02-13 15:28:54,921 - connectivitychecker.argumentparser - INFO - The status of webpage http://invalid.org is : "Unavailable?"  with Error timed out :
2023-02-13 15:28:57,002 - __main__ - INFO - Keyboard Interrupt
2023-02-13 15:39:15,053 - __main__ - INFO - Starting connectivity checker in an infinite loop. Use Ctrl+C to stop.

2023-02-13 15:39:15,053 - __main__ - DEBUG - Starting probe 1
2023-02-13 15:39:20,314 - connectivitychecker.webchecker - DEBUG - Get result with 'status': '200'; 'Content-Type': 'text/html; charset=ISO-8859-1'; Detected charset: 'ISO-8859-1' 
2023-02-13 15:39:20,315 - connectivitychecker.webchecker - INFO - Request Duration for connectivity with website http://www.google.fi is 5.261140 
2023-02-13 15:39:20,316 - connectivitychecker.argumentparser - INFO - The status of webpage http://www.google.fi is : "Online!"
2023-02-13 15:39:24,216 - connectivitychecker.webchecker - INFO - Request Duration for connectivity with website http://invalid.org is 3.899449 
2023-02-13 15:39:27,226 - connectivitychecker.webchecker - INFO - Request Duration for connectivity with website http://invalid.org is 3.009040 
2023-02-13 15:39:27,228 - connectivitychecker.argumentparser - INFO - The status of webpage http://invalid.org is : "Offline?"  with Error timed out :
2023-02-13 15:39:29,739 - __main__ - INFO - Keyboard Interrupt
2023-02-13 15:59:03,486 - __main__ - INFO - Starting connectivity checker in an infinite loop. Use Ctrl+C to stop.

2023-02-13 15:59:03,487 - __main__ - DEBUG - Starting probe 1
2023-02-13 15:59:03,712 - connectivitychecker.webchecker - DEBUG - Get result with 'status': '200'; 'Content-Type': 'text/html; charset=ISO-8859-1'; Detected charset: 'ISO-8859-1' 
2023-02-13 15:59:03,714 - connectivitychecker.webchecker - INFO - Request Duration for connectivity with website http://www.google.fi is 0.226333 
2023-02-13 15:59:03,715 - connectivitychecker.argumentparser - INFO - The status of webpage http://www.google.fi is : "Online!"
2023-02-13 15:59:03,786 - connectivitychecker.webchecker - DEBUG - Get result with 'status': '302'
2023-02-13 15:59:03,787 - connectivitychecker.webchecker - INFO - Request Duration for connectivity with website http://invalid.fi is 0.070729 
2023-02-13 15:59:03,818 - connectivitychecker.webchecker - DEBUG - Get result with 'status': '400'
2023-02-13 15:59:03,819 - connectivitychecker.webchecker - INFO - Request Duration for connectivity with website http://invalid.fi is 0.031412 
2023-02-13 15:59:03,819 - connectivitychecker.argumentparser - INFO - The status of webpage http://invalid.fi is : "Offline?"  with Error unknown error :
2023-02-13 15:59:07,734 - connectivitychecker.webchecker - INFO - Request Duration for connectivity with website http://invalid.org is 3.913617 
2023-02-13 15:59:10,746 - connectivitychecker.webchecker - INFO - Request Duration for connectivity with website http://invalid.org is 3.010849 
2023-02-13 15:59:10,747 - connectivitychecker.argumentparser - INFO - The status of webpage http://invalid.org is : "Offline?"  with Error timed out :
2023-02-13 15:59:10,980 - connectivitychecker.webchecker - DEBUG - Get result with 'status': '301'
2023-02-13 15:59:10,981 - connectivitychecker.webchecker - INFO - Request Duration for connectivity with website http://en.wikipedia.org is 0.232322 
2023-02-13 15:59:11,185 - connectivitychecker.webchecker - INFO - Request Duration for connectivity with website http://en.wikipedia.org is 0.203384 
2023-02-13 15:59:11,186 - connectivitychecker.argumentparser - INFO - The status of webpage http://en.wikipedia.org is : "Offline?"  with Error Remote end closed connection without response :
2023-02-13 15:59:16,295 - __main__ - INFO - Keyboard Interrupt
